[gosec] 2026/03/11 16:30:29 Including rules: default
[gosec] 2026/03/11 16:30:29 Excluding rules: default
[gosec] 2026/03/11 16:30:29 Including analyzers: default
[gosec] 2026/03/11 16:30:29 Excluding analyzers: default
[gosec] 2026/03/11 16:30:29 Import directory: C:\Users\adwai\OneDrive\Desktop\dedup-service\internal\metrics
[gosec] 2026/03/11 16:30:29 Import directory: C:\Users\adwai\OneDrive\Desktop\dedup-service\internal\handler
[gosec] 2026/03/11 16:30:29 Import directory: C:\Users\adwai\OneDrive\Desktop\dedup-service\internal\fingerprint
[gosec] 2026/03/11 16:30:29 Import directory: C:\Users\adwai\OneDrive\Desktop\dedup-service\internal\store
[gosec] 2026/03/11 16:30:29 Import directory: C:\Users\adwai\OneDrive\Desktop\dedup-service\internal\config
[gosec] 2026/03/11 16:30:29 Import directory: C:\Users\adwai\OneDrive\Desktop\dedup-service\internal\middleware
[gosec] 2026/03/11 16:30:29 Import directory: C:\Users\adwai\OneDrive\Desktop\dedup-service\cmd\server
[gosec] 2026/03/11 16:30:30 Checking package: metrics
[gosec] 2026/03/11 16:30:30 Checking file: C:\Users\adwai\OneDrive\Desktop\dedup-service\internal\metrics\metrics.go
[gosec] 2026/03/11 16:30:31 Checking package: main
[gosec] 2026/03/11 16:30:31 Checking file: C:\Users\adwai\OneDrive\Desktop\dedup-service\cmd\server\main.go
[gosec] 2026/03/11 16:30:32 Checking package: fingerprint
[gosec] 2026/03/11 16:30:32 Checking file: C:\Users\adwai\OneDrive\Desktop\dedup-service\internal\fingerprint\fingerprint.go
[gosec] 2026/03/11 16:30:33 Checking package: middleware
[gosec] 2026/03/11 16:30:33 Checking file: C:\Users\adwai\OneDrive\Desktop\dedup-service\internal\middleware\middleware.go
[gosec] 2026/03/11 16:30:34 Checking package: config
[gosec] 2026/03/11 16:30:34 Checking file: C:\Users\adwai\OneDrive\Desktop\dedup-service\internal\config\config.go
[gosec] 2026/03/11 16:30:36 Checking package: handler
[gosec] 2026/03/11 16:30:36 Checking file: C:\Users\adwai\OneDrive\Desktop\dedup-service\internal\handler\handler.go
[gosec] 2026/03/11 16:30:36 Checking file: C:\Users\adwai\OneDrive\Desktop\dedup-service\internal\handler\proxy.go
[gosec] 2026/03/11 16:30:37 Checking file: C:\Users\adwai\OneDrive\Desktop\dedup-service\internal\handler\xaccel.go
[gosec] 2026/03/11 16:30:37 Checking package: store
[gosec] 2026/03/11 16:30:37 Checking file: C:\Users\adwai\OneDrive\Desktop\dedup-service\internal\store\cached_store.go
[gosec] 2026/03/11 16:30:38 Checking file: C:\Users\adwai\OneDrive\Desktop\dedup-service\internal\store\localcache.go
[gosec] 2026/03/11 16:30:39 Checking file: C:\Users\adwai\OneDrive\Desktop\dedup-service\internal\store\store.go
